<?xml version="1.0" encoding="UTF-8"?>
<!-- Generated by org.testng.reporters.JUnitReportReporter -->
<testsuite hostname="LTIN487235" failures="0" tests="1" name="testCases.TC_001_LanguageCountTest" time="8.776" errors="0" timestamp="2024-04-11T18:36:31 IST" skipped="0">
  <testcase classname="testCases.TC_001_LanguageCountTest" name="getNoofLanguagesAvailable" time="8.776"/>
</testsuite> <!-- testCases.TC_001_LanguageCountTest -->
