<?xml version="1.0" encoding="UTF-8"?>
<!-- Generated by org.testng.reporters.JUnitReportReporter -->
<testsuite hostname="LTIN487235" failures="0" tests="2" name="testCases.TC_004_FormSubmissionTest" time="196.746" errors="0" timestamp="2024-04-11T18:36:31 IST" skipped="0">
  <testcase classname="testCases.TC_004_FormSubmissionTest" name="getMessage" time="149.264"/>
  <testcase classname="testCases.TC_004_FormSubmissionTest" name="getMessage" time="47.482"/>
</testsuite> <!-- testCases.TC_004_FormSubmissionTest -->
