<?xml version="1.0" encoding="UTF-8"?>
<!-- Generated by org.testng.reporters.JUnitReportReporter -->
<testsuite hostname="LTIN487235" failures="0" tests="1" name="testCases.TC_003_LanguageLearningCoursesTest" time="40.522" errors="0" timestamp="2024-04-11T18:36:31 IST" skipped="0">
  <testcase classname="testCases.TC_003_LanguageLearningCoursesTest" name="getCourse2Details" time="40.522"/>
</testsuite> <!-- testCases.TC_003_LanguageLearningCoursesTest -->
