<?xml version="1.0" encoding="UTF-8"?>
<!-- Generated by org.testng.reporters.JUnitReportReporter -->
<testsuite hostname="LTIN487235" failures="0" tests="1" name="testCases.TC_002_WebDevelopmentCoursesTest" time="2.621" errors="0" timestamp="2024-04-11T18:36:31 IST" skipped="0">
  <testcase classname="testCases.TC_002_WebDevelopmentCoursesTest" name="getCourseDetails" time="2.621"/>
</testsuite> <!-- testCases.TC_002_WebDevelopmentCoursesTest -->
